 ==============================================
 Loading parameters for disk_id:           1
 ==============================================
 LOADED PARAMETERS:
 ==============================================
 Stellar parameters:
  M* =     0.4677 Msun
  R* =     1.8894 Rsun
  T* =     4059.0 K
 Disk parameters:
  Mdisk =   0.1122E-01 Msun
  Rdisk =      91.20 AU
  Rin   =       0.12 AU
  Rout  =      91.20 AU
 Grid parameters:
  Nr    =   130
  Nt    =    50
 ==============================================

 Starting disk model setup...
 Mixing opacities...
 Generating opacity and frequency files...
   29979000000.000000     
 DEBUG: file=silicate_0.1.Kappa nlam=         241  kabs(1)=   3725.0000000000000       kabs(nlam)=  0.34275000000000000     
 DEBUG: freq new range:    300000000000.00000        3.0000000000000000E+017  freqnew range:    29979000000.000008        2997900000000007.0     
 DEBUG: file=silicate_10.Kappa nlam=         106  kabs(1)=   249.17500000000001       kabs(nlam)=   229.17500000000001     
 DEBUG: freq new range:    711406212947593.00        3.0000000000000000E+017  freqnew range:    29979000000.000008        2997900000000007.0     
           2           0           2
 Generating disk structure and density files...
         130          50
 Generating star input files...
 Reading dustopac_1.inp
